This file contains any messages produced by compilers while
running configure, to aid debugging if configure makes a mistake.

It was created by configure, which was
generated by GNU Autoconf 2.68.  Invocation command line was

  $ ./configure 

## --------- ##
## Platform. ##
## --------- ##

hostname = demo
uname -m = x86_64
uname -r = 3.0.8-hardened
uname -s = Linux
uname -v = #2 SMP Wed Nov 9 03:46:50 Local time zone must be set--see zic m

/usr/bin/uname -p = Intel(R) Xeon(R) CPU 5150 @ 2.66GHz
/bin/uname -X     = unknown

/bin/arch              = unknown
/usr/bin/arch -k       = unknown
/usr/convex/getsysinfo = unknown
/usr/bin/hostinfo      = unknown
/bin/machine           = unknown
/usr/bin/oslevel       = unknown
/bin/universe          = unknown

PATH: /usr/local/sbin
PATH: /usr/local/bin
PATH: /usr/sbin
PATH: /usr/bin
PATH: /sbin
PATH: /bin
PATH: /opt/bin
PATH: /usr/x86_64-pc-linux-gnu/gcc-bin/4.5.3


## ----------- ##
## Core tests. ##
## ----------- ##

configure:2212: checking build system type
configure:2226: result: x86_64-unknown-linux-gnu
configure:2246: checking host system type
configure:2259: result: x86_64-unknown-linux-gnu
configure:2279: checking target system type
configure:2292: result: x86_64-unknown-linux-gnu
configure:2373: checking for gcc
configure:2389: found /usr/bin/gcc
configure:2400: result: gcc
configure:2629: checking for C compiler version
configure:2638: gcc --version >&5
gcc (Gentoo 4.5.3-r1 p1.0, pie-0.4.5) 4.5.3
Copyright (C) 2010 Free Software Foundation, Inc.
This is free software; see the source for copying conditions.  There is NO
warranty; not even for MERCHANTABILITY or FITNESS FOR A PARTICULAR PURPOSE.

configure:2649: $? = 0
configure:2638: gcc -v >&5
Using built-in specs.
COLLECT_GCC=/usr/x86_64-pc-linux-gnu/gcc-bin/4.5.3/gcc
COLLECT_LTO_WRAPPER=/usr/libexec/gcc/x86_64-pc-linux-gnu/4.5.3/lto-wrapper
Target: x86_64-pc-linux-gnu
Configured with: /var/tmp/portage/sys-devel/gcc-4.5.3-r1/work/gcc-4.5.3/configure --prefix=/usr --bindir=/usr/x86_64-pc-linux-gnu/gcc-bin/4.5.3 --includedir=/usr/lib/gcc/x86_64-pc-linux-gnu/4.5.3/include --datadir=/usr/share/gcc-data/x86_64-pc-linux-gnu/4.5.3 --mandir=/usr/share/gcc-data/x86_64-pc-linux-gnu/4.5.3/man --infodir=/usr/share/gcc-data/x86_64-pc-linux-gnu/4.5.3/info --with-gxx-include-dir=/usr/lib/gcc/x86_64-pc-linux-gnu/4.5.3/include/g++-v4 --host=x86_64-pc-linux-gnu --build=x86_64-pc-linux-gnu --disable-altivec --disable-fixed-point --without-ppl --without-cloog --disable-lto --enable-nls --without-included-gettext --with-system-zlib --disable-werror --enable-secureplt --enable-multilib --enable-libmudflap --disable-libssp --enable-libgomp --with-python-dir=/share/gcc-data/x86_64-pc-linux-gnu/4.5.3/python --enable-checking=release --disable-libgcj --enable-languages=c,c++,fortran --enable-shared --enable-threads=posix --enable-__cxa_atexit --enable-clocale=gnu --with-bugurl=http://bugs.gentoo.org/ --with-pkgversion='Gentoo 4.5.3-r1 p1.0, pie-0.4.5'
Thread model: posix
gcc version 4.5.3 (Gentoo 4.5.3-r1 p1.0, pie-0.4.5) 
configure:2649: $? = 0
configure:2638: gcc -V >&5
gcc: '-V' option must have argument
configure:2649: $? = 1
configure:2638: gcc -qversion >&5
gcc: unrecognized option '-qversion'
gcc: no input files
configure:2649: $? = 1
configure:2669: checking whether the C compiler works
configure:2691: gcc    conftest.c  >&5
configure:2695: $? = 0
configure:2743: result: yes
configure:2746: checking for C compiler default output file name
configure:2748: result: a.out
configure:2754: checking for suffix of executables
configure:2761: gcc -o conftest    conftest.c  >&5
configure:2765: $? = 0
configure:2787: result: 
configure:2809: checking whether we are cross compiling
configure:2817: gcc -o conftest    conftest.c  >&5
configure:2821: $? = 0
configure:2828: ./conftest
configure:2832: $? = 0
configure:2847: result: no
configure:2852: checking for suffix of object files
configure:2874: gcc -c   conftest.c >&5
configure:2878: $? = 0
configure:2899: result: o
configure:2903: checking whether we are using the GNU C compiler
configure:2922: gcc -c   conftest.c >&5
configure:2922: $? = 0
configure:2931: result: yes
configure:2940: checking whether gcc accepts -g
configure:2960: gcc -c -g  conftest.c >&5
configure:2960: $? = 0
configure:3001: result: yes
configure:3018: checking for gcc option to accept ISO C89
configure:3082: gcc  -c -g -O2  conftest.c >&5
configure:3082: $? = 0
configure:3095: result: none needed
configure:3121: checking how to run the C preprocessor
configure:3152: gcc -E  conftest.c
configure:3152: $? = 0
configure:3166: gcc -E  conftest.c
conftest.c:9:28: fatal error: ac_nonexistent.h: No such file or directory
compilation terminated.
configure:3166: $? = 1
configure: failed program was:
| /* confdefs.h */
| #define PACKAGE_NAME ""
| #define PACKAGE_TARNAME ""
| #define PACKAGE_VERSION ""
| #define PACKAGE_STRING ""
| #define PACKAGE_BUGREPORT ""
| #define PACKAGE_URL ""
| /* end confdefs.h.  */
| #include <ac_nonexistent.h>
configure:3191: result: gcc -E
configure:3211: gcc -E  conftest.c
configure:3211: $? = 0
configure:3225: gcc -E  conftest.c
conftest.c:9:28: fatal error: ac_nonexistent.h: No such file or directory
compilation terminated.
configure:3225: $? = 1
configure: failed program was:
| /* confdefs.h */
| #define PACKAGE_NAME ""
| #define PACKAGE_TARNAME ""
| #define PACKAGE_VERSION ""
| #define PACKAGE_STRING ""
| #define PACKAGE_BUGREPORT ""
| #define PACKAGE_URL ""
| /* end confdefs.h.  */
| #include <ac_nonexistent.h>
configure:3254: checking for grep that handles long lines and -e
configure:3312: result: /bin/grep
configure:3317: checking for egrep
configure:3379: result: /bin/grep -E
configure:3384: checking for ANSI C header files
configure:3404: gcc -c -g -O2  conftest.c >&5
configure:3404: $? = 0
configure:3477: gcc -o conftest -g -O2   conftest.c  >&5
configure:3477: $? = 0
configure:3477: ./conftest
configure:3477: $? = 0
configure:3488: result: yes
configure:3501: checking for sys/types.h
configure:3501: gcc -c -g -O2  conftest.c >&5
configure:3501: $? = 0
configure:3501: result: yes
configure:3501: checking for sys/stat.h
configure:3501: gcc -c -g -O2  conftest.c >&5
configure:3501: $? = 0
configure:3501: result: yes
configure:3501: checking for stdlib.h
configure:3501: gcc -c -g -O2  conftest.c >&5
configure:3501: $? = 0
configure:3501: result: yes
configure:3501: checking for string.h
configure:3501: gcc -c -g -O2  conftest.c >&5
configure:3501: $? = 0
configure:3501: result: yes
configure:3501: checking for memory.h
configure:3501: gcc -c -g -O2  conftest.c >&5
configure:3501: $? = 0
configure:3501: result: yes
configure:3501: checking for strings.h
configure:3501: gcc -c -g -O2  conftest.c >&5
configure:3501: $? = 0
configure:3501: result: yes
configure:3501: checking for inttypes.h
configure:3501: gcc -c -g -O2  conftest.c >&5
configure:3501: $? = 0
configure:3501: result: yes
configure:3501: checking for stdint.h
configure:3501: gcc -c -g -O2  conftest.c >&5
configure:3501: $? = 0
configure:3501: result: yes
configure:3501: checking for unistd.h
configure:3501: gcc -c -g -O2  conftest.c >&5
configure:3501: $? = 0
configure:3501: result: yes
configure:3513: checking whether byte ordering is bigendian
configure:3528: gcc -c -g -O2  conftest.c >&5
conftest.c:20:13: error: expected '=', ',', ';', 'asm' or '__attribute__' before 'a'
configure:3528: $? = 1
configure: failed program was:
| /* confdefs.h */
| #define PACKAGE_NAME ""
| #define PACKAGE_TARNAME ""
| #define PACKAGE_VERSION ""
| #define PACKAGE_STRING ""
| #define PACKAGE_BUGREPORT ""
| #define PACKAGE_URL ""
| #define STDC_HEADERS 1
| #define HAVE_SYS_TYPES_H 1
| #define HAVE_SYS_STAT_H 1
| #define HAVE_STDLIB_H 1
| #define HAVE_STRING_H 1
| #define HAVE_MEMORY_H 1
| #define HAVE_STRINGS_H 1
| #define HAVE_INTTYPES_H 1
| #define HAVE_STDINT_H 1
| #define HAVE_UNISTD_H 1
| /* end confdefs.h.  */
| #ifndef __APPLE_CC__
| 	       not a universal capable compiler
| 	     #endif
| 	     typedef int dummy;
| 
configure:3573: gcc -c -g -O2  conftest.c >&5
configure:3573: $? = 0
configure:3591: gcc -c -g -O2  conftest.c >&5
conftest.c: In function 'main':
conftest.c:26:4: error: 'not' undeclared (first use in this function)
conftest.c:26:4: note: each undeclared identifier is reported only once for each function it appears in
conftest.c:26:8: error: expected ';' before 'big'
configure:3591: $? = 1
configure: failed program was:
| /* confdefs.h */
| #define PACKAGE_NAME ""
| #define PACKAGE_TARNAME ""
| #define PACKAGE_VERSION ""
| #define PACKAGE_STRING ""
| #define PACKAGE_BUGREPORT ""
| #define PACKAGE_URL ""
| #define STDC_HEADERS 1
| #define HAVE_SYS_TYPES_H 1
| #define HAVE_SYS_STAT_H 1
| #define HAVE_STDLIB_H 1
| #define HAVE_STRING_H 1
| #define HAVE_MEMORY_H 1
| #define HAVE_STRINGS_H 1
| #define HAVE_INTTYPES_H 1
| #define HAVE_STDINT_H 1
| #define HAVE_UNISTD_H 1
| /* end confdefs.h.  */
| #include <sys/types.h>
| 		#include <sys/param.h>
| 
| int
| main ()
| {
| #if BYTE_ORDER != BIG_ENDIAN
| 		 not big endian
| 		#endif
| 
|   ;
|   return 0;
| }
configure:3719: result: no
configure:3756: checking for a BSD-compatible install
configure:3824: result: /usr/bin/install -c
configure:3835: checking whether build environment is sane
configure:3885: result: yes
configure:4026: checking for a thread-safe mkdir -p
configure:4065: result: /bin/mkdir -p
configure:4078: checking for gawk
configure:4094: found /usr/bin/gawk
configure:4105: result: gawk
configure:4116: checking whether make sets $(MAKE)
configure:4138: result: yes
configure:4168: checking for style of include used by make
configure:4196: result: GNU
configure:4281: checking dependency style of gcc
configure:4391: result: gcc3
configure:4459: checking for gcc
configure:4486: result: gcc
configure:4715: checking for C compiler version
configure:4724: gcc --version >&5
gcc (Gentoo 4.5.3-r1 p1.0, pie-0.4.5) 4.5.3
Copyright (C) 2010 Free Software Foundation, Inc.
This is free software; see the source for copying conditions.  There is NO
warranty; not even for MERCHANTABILITY or FITNESS FOR A PARTICULAR PURPOSE.

configure:4735: $? = 0
configure:4724: gcc -v >&5
Using built-in specs.
COLLECT_GCC=/usr/x86_64-pc-linux-gnu/gcc-bin/4.5.3/gcc
COLLECT_LTO_WRAPPER=/usr/libexec/gcc/x86_64-pc-linux-gnu/4.5.3/lto-wrapper
Target: x86_64-pc-linux-gnu
Configured with: /var/tmp/portage/sys-devel/gcc-4.5.3-r1/work/gcc-4.5.3/configure --prefix=/usr --bindir=/usr/x86_64-pc-linux-gnu/gcc-bin/4.5.3 --includedir=/usr/lib/gcc/x86_64-pc-linux-gnu/4.5.3/include --datadir=/usr/share/gcc-data/x86_64-pc-linux-gnu/4.5.3 --mandir=/usr/share/gcc-data/x86_64-pc-linux-gnu/4.5.3/man --infodir=/usr/share/gcc-data/x86_64-pc-linux-gnu/4.5.3/info --with-gxx-include-dir=/usr/lib/gcc/x86_64-pc-linux-gnu/4.5.3/include/g++-v4 --host=x86_64-pc-linux-gnu --build=x86_64-pc-linux-gnu --disable-altivec --disable-fixed-point --without-ppl --without-cloog --disable-lto --enable-nls --without-included-gettext --with-system-zlib --disable-werror --enable-secureplt --enable-multilib --enable-libmudflap --disable-libssp --enable-libgomp --with-python-dir=/share/gcc-data/x86_64-pc-linux-gnu/4.5.3/python --enable-checking=release --disable-libgcj --enable-languages=c,c++,fortran --enable-shared --enable-threads=posix --enable-__cxa_atexit --enable-clocale=gnu --with-bugurl=http://bugs.gentoo.org/ --with-pkgversion='Gentoo 4.5.3-r1 p1.0, pie-0.4.5'
Thread model: posix
gcc version 4.5.3 (Gentoo 4.5.3-r1 p1.0, pie-0.4.5) 
configure:4735: $? = 0
configure:4724: gcc -V >&5
gcc: '-V' option must have argument
configure:4735: $? = 1
configure:4724: gcc -qversion >&5
gcc: unrecognized option '-qversion'
gcc: no input files
configure:4735: $? = 1
configure:4739: checking whether we are using the GNU C compiler
configure:4767: result: yes
configure:4776: checking whether gcc accepts -g
configure:4837: result: yes
configure:4854: checking for gcc option to accept ISO C89
configure:4931: result: none needed
configure:4958: checking whether make sets $(MAKE)
configure:4980: result: yes
configure:4991: checking for ANSI C header files
configure:5095: result: yes
configure:5103: checking for sys/wait.h that is POSIX.1 compatible
configure:5129: gcc -c -g -O2  conftest.c >&5
configure:5129: $? = 0
configure:5136: result: yes
configure:5150: checking stdio.h usability
configure:5150: gcc -c -g -O2  conftest.c >&5
configure:5150: $? = 0
configure:5150: result: yes
configure:5150: checking stdio.h presence
configure:5150: gcc -E  conftest.c
configure:5150: $? = 0
configure:5150: result: yes
configure:5150: checking for stdio.h
configure:5150: result: yes
configure:5150: checking for stdlib.h
configure:5150: result: yes
configure:5150: checking curses.h usability
configure:5150: gcc -c -g -O2  conftest.c >&5
configure:5150: $? = 0
configure:5150: result: yes
configure:5150: checking curses.h presence
configure:5150: gcc -E  conftest.c
configure:5150: $? = 0
configure:5150: result: yes
configure:5150: checking for curses.h
configure:5150: result: yes
configure:5162: checking for an ANSI C-conforming const
configure:5227: gcc -c -g -O2  conftest.c >&5
configure:5227: $? = 0
configure:5234: result: yes
configure:5242: checking whether time.h and sys/time.h may both be included
configure:5262: gcc -c -g -O2  conftest.c >&5
configure:5262: $? = 0
configure:5269: result: yes
configure:5280: checking whether gcc needs -traditional
configure:5314: result: no
configure:5323: checking for stdlib.h
configure:5323: result: yes
configure:5333: checking for GNU libc compatible malloc
configure:5357: gcc -o conftest -g -O2   conftest.c  >&5
configure:5357: $? = 0
configure:5357: ./conftest
configure:5357: $? = 0
configure:5367: result: yes
configure:5391: checking sys/select.h usability
configure:5391: gcc -c -g -O2  conftest.c >&5
configure:5391: $? = 0
configure:5391: result: yes
configure:5391: checking sys/select.h presence
configure:5391: gcc -E  conftest.c
configure:5391: $? = 0
configure:5391: result: yes
configure:5391: checking for sys/select.h
configure:5391: result: yes
configure:5391: checking sys/socket.h usability
configure:5391: gcc -c -g -O2  conftest.c >&5
configure:5391: $? = 0
configure:5391: result: yes
configure:5391: checking sys/socket.h presence
configure:5391: gcc -E  conftest.c
configure:5391: $? = 0
configure:5391: result: yes
configure:5391: checking for sys/socket.h
configure:5391: result: yes
configure:5401: checking types of arguments for select
configure:5429: gcc -c -g -O2  conftest.c >&5
configure:5429: $? = 0
configure:5440: result: int,fd_set *,struct timeval *
configure:5463: checking whether lstat correctly handles trailing slash
configure:5489: gcc -o conftest -g -O2   conftest.c  >&5
configure:5489: $? = 0
configure:5489: ./conftest
configure:5489: $? = 0
configure:5506: result: yes
configure:5525: checking whether stat accepts an empty string
configure:5545: gcc -o conftest -g -O2   conftest.c  >&5
configure:5545: $? = 0
configure:5545: ./conftest
configure:5545: $? = 0
configure:5555: result: no
configure:5571: checking return type of signal handlers
configure:5589: gcc -c -g -O2  conftest.c >&5
conftest.c: In function 'main':
conftest.c:41:1: error: void value not ignored as it ought to be
configure:5589: $? = 1
configure: failed program was:
| /* confdefs.h */
| #define PACKAGE_NAME ""
| #define PACKAGE_TARNAME ""
| #define PACKAGE_VERSION ""
| #define PACKAGE_STRING ""
| #define PACKAGE_BUGREPORT ""
| #define PACKAGE_URL ""
| #define STDC_HEADERS 1
| #define HAVE_SYS_TYPES_H 1
| #define HAVE_SYS_STAT_H 1
| #define HAVE_STDLIB_H 1
| #define HAVE_STRING_H 1
| #define HAVE_MEMORY_H 1
| #define HAVE_STRINGS_H 1
| #define HAVE_INTTYPES_H 1
| #define HAVE_STDINT_H 1
| #define HAVE_UNISTD_H 1
| #define PACKAGE "iwar"
| #define VERSION "0.8.0-git"
| #define STDC_HEADERS 1
| #define HAVE_SYS_WAIT_H 1
| #define HAVE_STDIO_H 1
| #define HAVE_STDLIB_H 1
| #define HAVE_CURSES_H 1
| #define TIME_WITH_SYS_TIME 1
| #define HAVE_STDLIB_H 1
| #define HAVE_MALLOC 1
| #define HAVE_SYS_SELECT_H 1
| #define HAVE_SYS_SOCKET_H 1
| #define SELECT_TYPE_ARG1 int
| #define SELECT_TYPE_ARG234 (fd_set *)
| #define SELECT_TYPE_ARG5 (struct timeval *)
| #define LSTAT_FOLLOWS_SLASHED_SYMLINK 1
| /* end confdefs.h.  */
| #include <sys/types.h>
| #include <signal.h>
| 
| int
| main ()
| {
| return *(signal (0, 0)) (0) == 1;
|   ;
|   return 0;
| }
configure:5596: result: void
configure:5606: checking for strftime
configure:5606: gcc -o conftest -g -O2   conftest.c  >&5
conftest.c:59:6: warning: conflicting types for built-in function 'strftime'
configure:5606: $? = 0
configure:5606: result: yes
configure:5659: checking for pid_t
configure:5659: gcc -c -g -O2  conftest.c >&5
configure:5659: $? = 0
configure:5659: gcc -c -g -O2  conftest.c >&5
conftest.c: In function 'main':
conftest.c:73:20: error: expected expression before ')' token
configure:5659: $? = 1
configure: failed program was:
| /* confdefs.h */
| #define PACKAGE_NAME ""
| #define PACKAGE_TARNAME ""
| #define PACKAGE_VERSION ""
| #define PACKAGE_STRING ""
| #define PACKAGE_BUGREPORT ""
| #define PACKAGE_URL ""
| #define STDC_HEADERS 1
| #define HAVE_SYS_TYPES_H 1
| #define HAVE_SYS_STAT_H 1
| #define HAVE_STDLIB_H 1
| #define HAVE_STRING_H 1
| #define HAVE_MEMORY_H 1
| #define HAVE_STRINGS_H 1
| #define HAVE_INTTYPES_H 1
| #define HAVE_STDINT_H 1
| #define HAVE_UNISTD_H 1
| #define PACKAGE "iwar"
| #define VERSION "0.8.0-git"
| #define STDC_HEADERS 1
| #define HAVE_SYS_WAIT_H 1
| #define HAVE_STDIO_H 1
| #define HAVE_STDLIB_H 1
| #define HAVE_CURSES_H 1
| #define TIME_WITH_SYS_TIME 1
| #define HAVE_STDLIB_H 1
| #define HAVE_MALLOC 1
| #define HAVE_SYS_SELECT_H 1
| #define HAVE_SYS_SOCKET_H 1
| #define SELECT_TYPE_ARG1 int
| #define SELECT_TYPE_ARG234 (fd_set *)
| #define SELECT_TYPE_ARG5 (struct timeval *)
| #define LSTAT_FOLLOWS_SLASHED_SYMLINK 1
| #define RETSIGTYPE void
| #define HAVE_STRFTIME 1
| /* end confdefs.h.  */
| #include <stdio.h>
| #ifdef HAVE_SYS_TYPES_H
| # include <sys/types.h>
| #endif
| #ifdef HAVE_SYS_STAT_H
| # include <sys/stat.h>
| #endif
| #ifdef STDC_HEADERS
| # include <stdlib.h>
| # include <stddef.h>
| #else
| # ifdef HAVE_STDLIB_H
| #  include <stdlib.h>
| # endif
| #endif
| #ifdef HAVE_STRING_H
| # if !defined STDC_HEADERS && defined HAVE_MEMORY_H
| #  include <memory.h>
| # endif
| # include <string.h>
| #endif
| #ifdef HAVE_STRINGS_H
| # include <strings.h>
| #endif
| #ifdef HAVE_INTTYPES_H
| # include <inttypes.h>
| #endif
| #ifdef HAVE_STDINT_H
| # include <stdint.h>
| #endif
| #ifdef HAVE_UNISTD_H
| # include <unistd.h>
| #endif
| int
| main ()
| {
| if (sizeof ((pid_t)))
| 	    return 0;
|   ;
|   return 0;
| }
configure:5659: result: yes
configure:5672: checking vfork.h usability
configure:5672: gcc -c -g -O2  conftest.c >&5
conftest.c:70:19: fatal error: vfork.h: No such file or directory
compilation terminated.
configure:5672: $? = 1
configure: failed program was:
| /* confdefs.h */
| #define PACKAGE_NAME ""
| #define PACKAGE_TARNAME ""
| #define PACKAGE_VERSION ""
| #define PACKAGE_STRING ""
| #define PACKAGE_BUGREPORT ""
| #define PACKAGE_URL ""
| #define STDC_HEADERS 1
| #define HAVE_SYS_TYPES_H 1
| #define HAVE_SYS_STAT_H 1
| #define HAVE_STDLIB_H 1
| #define HAVE_STRING_H 1
| #define HAVE_MEMORY_H 1
| #define HAVE_STRINGS_H 1
| #define HAVE_INTTYPES_H 1
| #define HAVE_STDINT_H 1
| #define HAVE_UNISTD_H 1
| #define PACKAGE "iwar"
| #define VERSION "0.8.0-git"
| #define STDC_HEADERS 1
| #define HAVE_SYS_WAIT_H 1
| #define HAVE_STDIO_H 1
| #define HAVE_STDLIB_H 1
| #define HAVE_CURSES_H 1
| #define TIME_WITH_SYS_TIME 1
| #define HAVE_STDLIB_H 1
| #define HAVE_MALLOC 1
| #define HAVE_SYS_SELECT_H 1
| #define HAVE_SYS_SOCKET_H 1
| #define SELECT_TYPE_ARG1 int
| #define SELECT_TYPE_ARG234 (fd_set *)
| #define SELECT_TYPE_ARG5 (struct timeval *)
| #define LSTAT_FOLLOWS_SLASHED_SYMLINK 1
| #define RETSIGTYPE void
| #define HAVE_STRFTIME 1
| /* end confdefs.h.  */
| #include <stdio.h>
| #ifdef HAVE_SYS_TYPES_H
| # include <sys/types.h>
| #endif
| #ifdef HAVE_SYS_STAT_H
| # include <sys/stat.h>
| #endif
| #ifdef STDC_HEADERS
| # include <stdlib.h>
| # include <stddef.h>
| #else
| # ifdef HAVE_STDLIB_H
| #  include <stdlib.h>
| # endif
| #endif
| #ifdef HAVE_STRING_H
| # if !defined STDC_HEADERS && defined HAVE_MEMORY_H
| #  include <memory.h>
| # endif
| # include <string.h>
| #endif
| #ifdef HAVE_STRINGS_H
| # include <strings.h>
| #endif
| #ifdef HAVE_INTTYPES_H
| # include <inttypes.h>
| #endif
| #ifdef HAVE_STDINT_H
| # include <stdint.h>
| #endif
| #ifdef HAVE_UNISTD_H
| # include <unistd.h>
| #endif
| #include <vfork.h>
configure:5672: result: no
configure:5672: checking vfork.h presence
configure:5672: gcc -E  conftest.c
conftest.c:37:19: fatal error: vfork.h: No such file or directory
compilation terminated.
configure:5672: $? = 1
configure: failed program was:
| /* confdefs.h */
| #define PACKAGE_NAME ""
| #define PACKAGE_TARNAME ""
| #define PACKAGE_VERSION ""
| #define PACKAGE_STRING ""
| #define PACKAGE_BUGREPORT ""
| #define PACKAGE_URL ""
| #define STDC_HEADERS 1
| #define HAVE_SYS_TYPES_H 1
| #define HAVE_SYS_STAT_H 1
| #define HAVE_STDLIB_H 1
| #define HAVE_STRING_H 1
| #define HAVE_MEMORY_H 1
| #define HAVE_STRINGS_H 1
| #define HAVE_INTTYPES_H 1
| #define HAVE_STDINT_H 1
| #define HAVE_UNISTD_H 1
| #define PACKAGE "iwar"
| #define VERSION "0.8.0-git"
| #define STDC_HEADERS 1
| #define HAVE_SYS_WAIT_H 1
| #define HAVE_STDIO_H 1
| #define HAVE_STDLIB_H 1
| #define HAVE_CURSES_H 1
| #define TIME_WITH_SYS_TIME 1
| #define HAVE_STDLIB_H 1
| #define HAVE_MALLOC 1
| #define HAVE_SYS_SELECT_H 1
| #define HAVE_SYS_SOCKET_H 1
| #define SELECT_TYPE_ARG1 int
| #define SELECT_TYPE_ARG234 (fd_set *)
| #define SELECT_TYPE_ARG5 (struct timeval *)
| #define LSTAT_FOLLOWS_SLASHED_SYMLINK 1
| #define RETSIGTYPE void
| #define HAVE_STRFTIME 1
| /* end confdefs.h.  */
| #include <vfork.h>
configure:5672: result: no
configure:5672: checking for vfork.h
configure:5672: result: no
configure:5685: checking for fork
configure:5685: gcc -o conftest -g -O2   conftest.c  >&5
conftest.c:60:6: warning: conflicting types for built-in function 'fork'
configure:5685: $? = 0
configure:5685: result: yes
configure:5685: checking for vfork
configure:5685: gcc -o conftest -g -O2   conftest.c  >&5
configure:5685: $? = 0
configure:5685: result: yes
configure:5695: checking for working fork
configure:5717: gcc -o conftest -g -O2   conftest.c  >&5
configure:5717: $? = 0
configure:5717: ./conftest
configure:5717: $? = 0
configure:5727: result: yes
configure:5748: checking for working vfork
configure:5858: result: yes
configure:5885: checking for stdlib.h
configure:5885: result: yes
configure:5895: checking for GNU libc compatible realloc
configure:5919: gcc -o conftest -g -O2   conftest.c  >&5
configure:5919: $? = 0
configure:5919: ./conftest
configure:5919: $? = 0
configure:5929: result: yes
configure:5950: checking for pid_t
configure:5950: result: yes
configure:5961: checking for size_t
configure:5961: gcc -c -g -O2  conftest.c >&5
configure:5961: $? = 0
configure:5961: gcc -c -g -O2  conftest.c >&5
conftest.c: In function 'main':
conftest.c:79:21: error: expected expression before ')' token
configure:5961: $? = 1
configure: failed program was:
| /* confdefs.h */
| #define PACKAGE_NAME ""
| #define PACKAGE_TARNAME ""
| #define PACKAGE_VERSION ""
| #define PACKAGE_STRING ""
| #define PACKAGE_BUGREPORT ""
| #define PACKAGE_URL ""
| #define STDC_HEADERS 1
| #define HAVE_SYS_TYPES_H 1
| #define HAVE_SYS_STAT_H 1
| #define HAVE_STDLIB_H 1
| #define HAVE_STRING_H 1
| #define HAVE_MEMORY_H 1
| #define HAVE_STRINGS_H 1
| #define HAVE_INTTYPES_H 1
| #define HAVE_STDINT_H 1
| #define HAVE_UNISTD_H 1
| #define PACKAGE "iwar"
| #define VERSION "0.8.0-git"
| #define STDC_HEADERS 1
| #define HAVE_SYS_WAIT_H 1
| #define HAVE_STDIO_H 1
| #define HAVE_STDLIB_H 1
| #define HAVE_CURSES_H 1
| #define TIME_WITH_SYS_TIME 1
| #define HAVE_STDLIB_H 1
| #define HAVE_MALLOC 1
| #define HAVE_SYS_SELECT_H 1
| #define HAVE_SYS_SOCKET_H 1
| #define SELECT_TYPE_ARG1 int
| #define SELECT_TYPE_ARG234 (fd_set *)
| #define SELECT_TYPE_ARG5 (struct timeval *)
| #define LSTAT_FOLLOWS_SLASHED_SYMLINK 1
| #define RETSIGTYPE void
| #define HAVE_STRFTIME 1
| #define HAVE_FORK 1
| #define HAVE_VFORK 1
| #define HAVE_WORKING_VFORK 1
| #define HAVE_WORKING_FORK 1
| #define HAVE_STDLIB_H 1
| #define HAVE_REALLOC 1
| /* end confdefs.h.  */
| #include <stdio.h>
| #ifdef HAVE_SYS_TYPES_H
| # include <sys/types.h>
| #endif
| #ifdef HAVE_SYS_STAT_H
| # include <sys/stat.h>
| #endif
| #ifdef STDC_HEADERS
| # include <stdlib.h>
| # include <stddef.h>
| #else
| # ifdef HAVE_STDLIB_H
| #  include <stdlib.h>
| # endif
| #endif
| #ifdef HAVE_STRING_H
| # if !defined STDC_HEADERS && defined HAVE_MEMORY_H
| #  include <memory.h>
| # endif
| # include <string.h>
| #endif
| #ifdef HAVE_STRINGS_H
| # include <strings.h>
| #endif
| #ifdef HAVE_INTTYPES_H
| # include <inttypes.h>
| #endif
| #ifdef HAVE_STDINT_H
| # include <stdint.h>
| #endif
| #ifdef HAVE_UNISTD_H
| # include <unistd.h>
| #endif
| int
| main ()
| {
| if (sizeof ((size_t)))
| 	    return 0;
|   ;
|   return 0;
| }
configure:5961: result: yes
configure:5972: checking whether struct tm is in sys/time.h or time.h
configure:5992: gcc -c -g -O2  conftest.c >&5
configure:5992: $? = 0
configure:5999: result: time.h
configure:6011: checking for strlcpy
configure:6011: gcc -o conftest -g -O2   conftest.c  >&5
/tmp/ccp6UcVm.o: In function `main':
/home/champ/code/iwar2/conftest.c:77: undefined reference to `strlcpy'
collect2: ld returned 1 exit status
configure:6011: $? = 1
configure: failed program was:
| /* confdefs.h */
| #define PACKAGE_NAME ""
| #define PACKAGE_TARNAME ""
| #define PACKAGE_VERSION ""
| #define PACKAGE_STRING ""
| #define PACKAGE_BUGREPORT ""
| #define PACKAGE_URL ""
| #define STDC_HEADERS 1
| #define HAVE_SYS_TYPES_H 1
| #define HAVE_SYS_STAT_H 1
| #define HAVE_STDLIB_H 1
| #define HAVE_STRING_H 1
| #define HAVE_MEMORY_H 1
| #define HAVE_STRINGS_H 1
| #define HAVE_INTTYPES_H 1
| #define HAVE_STDINT_H 1
| #define HAVE_UNISTD_H 1
| #define PACKAGE "iwar"
| #define VERSION "0.8.0-git"
| #define STDC_HEADERS 1
| #define HAVE_SYS_WAIT_H 1
| #define HAVE_STDIO_H 1
| #define HAVE_STDLIB_H 1
| #define HAVE_CURSES_H 1
| #define TIME_WITH_SYS_TIME 1
| #define HAVE_STDLIB_H 1
| #define HAVE_MALLOC 1
| #define HAVE_SYS_SELECT_H 1
| #define HAVE_SYS_SOCKET_H 1
| #define SELECT_TYPE_ARG1 int
| #define SELECT_TYPE_ARG234 (fd_set *)
| #define SELECT_TYPE_ARG5 (struct timeval *)
| #define LSTAT_FOLLOWS_SLASHED_SYMLINK 1
| #define RETSIGTYPE void
| #define HAVE_STRFTIME 1
| #define HAVE_FORK 1
| #define HAVE_VFORK 1
| #define HAVE_WORKING_VFORK 1
| #define HAVE_WORKING_FORK 1
| #define HAVE_STDLIB_H 1
| #define HAVE_REALLOC 1
| /* end confdefs.h.  */
| /* Define strlcpy to an innocuous variant, in case <limits.h> declares strlcpy.
|    For example, HP-UX 11i <limits.h> declares gettimeofday.  */
| #define strlcpy innocuous_strlcpy
| 
| /* System header to define __stub macros and hopefully few prototypes,
|     which can conflict with char strlcpy (); below.
|     Prefer <limits.h> to <assert.h> if __STDC__ is defined, since
|     <limits.h> exists even on freestanding compilers.  */
| 
| #ifdef __STDC__
| # include <limits.h>
| #else
| # include <assert.h>
| #endif
| 
| #undef strlcpy
| 
| /* Override any GCC internal prototype to avoid an error.
|    Use char because int might match the return type of a GCC
|    builtin and then its argument prototype would still apply.  */
| #ifdef __cplusplus
| extern "C"
| #endif
| char strlcpy ();
| /* The GNU C library defines this for functions which it implements
|     to always fail with ENOSYS.  Some functions are actually named
|     something starting with __ and the normal name is an alias.  */
| #if defined __stub_strlcpy || defined __stub___strlcpy
| choke me
| #endif
| 
| int
| main ()
| {
| return strlcpy ();
|   ;
|   return 0;
| }
configure:6011: result: no
configure:6011: checking for strlcat
configure:6011: gcc -o conftest -g -O2   conftest.c  >&5
/tmp/ccxIJkix.o: In function `main':
/home/champ/code/iwar2/conftest.c:77: undefined reference to `strlcat'
collect2: ld returned 1 exit status
configure:6011: $? = 1
configure: failed program was:
| /* confdefs.h */
| #define PACKAGE_NAME ""
| #define PACKAGE_TARNAME ""
| #define PACKAGE_VERSION ""
| #define PACKAGE_STRING ""
| #define PACKAGE_BUGREPORT ""
| #define PACKAGE_URL ""
| #define STDC_HEADERS 1
| #define HAVE_SYS_TYPES_H 1
| #define HAVE_SYS_STAT_H 1
| #define HAVE_STDLIB_H 1
| #define HAVE_STRING_H 1
| #define HAVE_MEMORY_H 1
| #define HAVE_STRINGS_H 1
| #define HAVE_INTTYPES_H 1
| #define HAVE_STDINT_H 1
| #define HAVE_UNISTD_H 1
| #define PACKAGE "iwar"
| #define VERSION "0.8.0-git"
| #define STDC_HEADERS 1
| #define HAVE_SYS_WAIT_H 1
| #define HAVE_STDIO_H 1
| #define HAVE_STDLIB_H 1
| #define HAVE_CURSES_H 1
| #define TIME_WITH_SYS_TIME 1
| #define HAVE_STDLIB_H 1
| #define HAVE_MALLOC 1
| #define HAVE_SYS_SELECT_H 1
| #define HAVE_SYS_SOCKET_H 1
| #define SELECT_TYPE_ARG1 int
| #define SELECT_TYPE_ARG234 (fd_set *)
| #define SELECT_TYPE_ARG5 (struct timeval *)
| #define LSTAT_FOLLOWS_SLASHED_SYMLINK 1
| #define RETSIGTYPE void
| #define HAVE_STRFTIME 1
| #define HAVE_FORK 1
| #define HAVE_VFORK 1
| #define HAVE_WORKING_VFORK 1
| #define HAVE_WORKING_FORK 1
| #define HAVE_STDLIB_H 1
| #define HAVE_REALLOC 1
| /* end confdefs.h.  */
| /* Define strlcat to an innocuous variant, in case <limits.h> declares strlcat.
|    For example, HP-UX 11i <limits.h> declares gettimeofday.  */
| #define strlcat innocuous_strlcat
| 
| /* System header to define __stub macros and hopefully few prototypes,
|     which can conflict with char strlcat (); below.
|     Prefer <limits.h> to <assert.h> if __STDC__ is defined, since
|     <limits.h> exists even on freestanding compilers.  */
| 
| #ifdef __STDC__
| # include <limits.h>
| #else
| # include <assert.h>
| #endif
| 
| #undef strlcat
| 
| /* Override any GCC internal prototype to avoid an error.
|    Use char because int might match the return type of a GCC
|    builtin and then its argument prototype would still apply.  */
| #ifdef __cplusplus
| extern "C"
| #endif
| char strlcat ();
| /* The GNU C library defines this for functions which it implements
|     to always fail with ENOSYS.  Some functions are actually named
|     something starting with __ and the normal name is an alias.  */
| #if defined __stub_strlcat || defined __stub___strlcat
| choke me
| #endif
| 
| int
| main ()
| {
| return strlcat ();
|   ;
|   return 0;
| }
configure:6011: result: no
configure:6023: checking for main in -lcurses
configure:6042: gcc -o conftest -g -O2   conftest.c -lcurses   >&5
configure:6042: $? = 0
configure:6051: result: yes
configure:6064: checking for main in -lpthread
configure:6083: gcc -o conftest -g -O2   conftest.c -lpthread  -lcurses  >&5
configure:6083: $? = 0
configure:6092: result: yes
configure:6277: creating ./config.status

## ---------------------- ##
## Running config.status. ##
## ---------------------- ##

This file was extended by config.status, which was
generated by GNU Autoconf 2.68.  Invocation command line was

  CONFIG_FILES    = 
  CONFIG_HEADERS  = 
  CONFIG_LINKS    = 
  CONFIG_COMMANDS = 
  $ ./config.status 

on demo

config.status:902: creating Makefile
config.status:902: creating src/Makefile
config.status:902: creating config.h
config.status:1131: executing depfiles commands
configure:7609: result: 
configure:7611: result:  .__ __      __              ________   
configure:7613: result:  |__/  \    /  \_____ _______\_____  \  
configure:7615: result:  |  \   \/\/   /\__  \_  __ \/  ____/  
configure:7617: result:  |  |\        /  / __ \|  | \/       \  
configure:7619: result:  |__| \__/\  /  (____  /__|  \_______ \ 
configure:7621: result:            \/        \/              \/ 
configure:7623: result: 

## ---------------- ##
## Cache variables. ##
## ---------------- ##

ac_cv_build=x86_64-unknown-linux-gnu
ac_cv_c_bigendian=no
ac_cv_c_compiler_gnu=yes
ac_cv_c_const=yes
ac_cv_env_CC_set=
ac_cv_env_CC_value=
ac_cv_env_CFLAGS_set=
ac_cv_env_CFLAGS_value=
ac_cv_env_CPPFLAGS_set=
ac_cv_env_CPPFLAGS_value=
ac_cv_env_CPP_set=
ac_cv_env_CPP_value=
ac_cv_env_LDFLAGS_set=
ac_cv_env_LDFLAGS_value=
ac_cv_env_LIBS_set=
ac_cv_env_LIBS_value=
ac_cv_env_build_alias_set=
ac_cv_env_build_alias_value=
ac_cv_env_host_alias_set=
ac_cv_env_host_alias_value=
ac_cv_env_target_alias_set=
ac_cv_env_target_alias_value=
ac_cv_func_fork=yes
ac_cv_func_fork_works=yes
ac_cv_func_lstat_dereferences_slashed_symlink=yes
ac_cv_func_malloc_0_nonnull=yes
ac_cv_func_realloc_0_nonnull=yes
ac_cv_func_select_args='int,fd_set *,struct timeval *'
ac_cv_func_stat_empty_string_bug=no
ac_cv_func_strftime=yes
ac_cv_func_strlcat=no
ac_cv_func_strlcpy=no
ac_cv_func_vfork=yes
ac_cv_func_vfork_works=yes
ac_cv_header_curses_h=yes
ac_cv_header_inttypes_h=yes
ac_cv_header_memory_h=yes
ac_cv_header_stdc=yes
ac_cv_header_stdint_h=yes
ac_cv_header_stdio_h=yes
ac_cv_header_stdlib_h=yes
ac_cv_header_string_h=yes
ac_cv_header_strings_h=yes
ac_cv_header_sys_select_h=yes
ac_cv_header_sys_socket_h=yes
ac_cv_header_sys_stat_h=yes
ac_cv_header_sys_types_h=yes
ac_cv_header_sys_wait_h=yes
ac_cv_header_time=yes
ac_cv_header_unistd_h=yes
ac_cv_header_vfork_h=no
ac_cv_host=x86_64-unknown-linux-gnu
ac_cv_lib_curses_main=yes
ac_cv_lib_pthread_main=yes
ac_cv_objext=o
ac_cv_path_EGREP='/bin/grep -E'
ac_cv_path_GREP=/bin/grep
ac_cv_path_install='/usr/bin/install -c'
ac_cv_path_mkdir=/bin/mkdir
ac_cv_prog_AWK=gawk
ac_cv_prog_CPP='gcc -E'
ac_cv_prog_ac_ct_CC=gcc
ac_cv_prog_cc_c89=
ac_cv_prog_cc_g=yes
ac_cv_prog_gcc_traditional=no
ac_cv_prog_make_make_set=yes
ac_cv_struct_tm=time.h
ac_cv_target=x86_64-unknown-linux-gnu
ac_cv_type_pid_t=yes
ac_cv_type_signal=void
ac_cv_type_size_t=yes
am_cv_CC_dependencies_compiler_type=gcc3

## ----------------- ##
## Output variables. ##
## ----------------- ##

ACLOCAL='${SHELL} /home/champ/code/iwar2/missing --run aclocal-1.11'
AMDEPBACKSLASH='\'
AMDEP_FALSE='#'
AMDEP_TRUE=''
AMTAR='${SHELL} /home/champ/code/iwar2/missing --run tar'
AUTOCONF='${SHELL} /home/champ/code/iwar2/missing --run autoconf'
AUTOHEADER='${SHELL} /home/champ/code/iwar2/missing --run autoheader'
AUTOMAKE='${SHELL} /home/champ/code/iwar2/missing --run automake-1.11'
AWK='gawk'
CC='gcc'
CCDEPMODE='depmode=gcc3'
CFLAGS='-g -O2'
CPP='gcc -E'
CPPFLAGS=''
CYGPATH_W='echo'
DEFS='-DHAVE_CONFIG_H'
DEPDIR='.deps'
ECHO_C=''
ECHO_N='-n'
ECHO_T=''
EGREP='/bin/grep -E'
ENDIAN='little'
EXEEXT=''
GREP='/bin/grep'
INSTALL_DATA='${INSTALL} -m 644'
INSTALL_PROGRAM='${INSTALL}'
INSTALL_SCRIPT='${INSTALL}'
INSTALL_STRIP_PROGRAM='$(install_sh) -c -s'
LDFLAGS=''
LIBOBJS=''
LIBS='-lpthread -lcurses '
LTLIBOBJS=''
MAKEINFO='${SHELL} /home/champ/code/iwar2/missing --run makeinfo'
MKDIR_P='/bin/mkdir -p'
OBJEXT='o'
PACKAGE='iwar'
PACKAGE_BUGREPORT=''
PACKAGE_NAME=''
PACKAGE_STRING=''
PACKAGE_TARNAME=''
PACKAGE_URL=''
PACKAGE_VERSION=''
PATH_SEPARATOR=':'
SET_MAKE=''
SHELL='/bin/sh'
STRIP=''
VERSION='0.8.0-git'
ac_ct_CC='gcc'
am__EXEEXT_FALSE=''
am__EXEEXT_TRUE='#'
am__fastdepCC_FALSE='#'
am__fastdepCC_TRUE=''
am__include='include'
am__isrc=''
am__leading_dot='.'
am__quote=''
am__tar='${AMTAR} chof - "$$tardir"'
am__untar='${AMTAR} xf -'
bindir='${exec_prefix}/bin'
build='x86_64-unknown-linux-gnu'
build_alias=''
build_cpu='x86_64'
build_os='linux-gnu'
build_vendor='unknown'
datadir='${datarootdir}'
datarootdir='${prefix}/share'
docdir='${datarootdir}/doc/${PACKAGE}'
dvidir='${docdir}'
exec_prefix='${prefix}'
host='x86_64-unknown-linux-gnu'
host_alias=''
host_cpu='x86_64'
host_os='linux-gnu'
host_vendor='unknown'
htmldir='${docdir}'
includedir='${prefix}/include'
infodir='${datarootdir}/info'
install_sh='${SHELL} /home/champ/code/iwar2/install-sh'
libdir='${exec_prefix}/lib'
libexecdir='${exec_prefix}/libexec'
localedir='${datarootdir}/locale'
localstatedir='${prefix}/var'
mandir='${datarootdir}/man'
mkdir_p='/bin/mkdir -p'
oldincludedir='/usr/include'
pdfdir='${docdir}'
prefix='/usr/local'
program_transform_name='s,x,x,'
psdir='${docdir}'
sbindir='${exec_prefix}/sbin'
sharedstatedir='${prefix}/com'
sysconfdir='${prefix}/etc'
target='x86_64-unknown-linux-gnu'
target_alias=''
target_cpu='x86_64'
target_os='linux-gnu'
target_vendor='unknown'

## ----------- ##
## confdefs.h. ##
## ----------- ##

/* confdefs.h */
#define PACKAGE_NAME ""
#define PACKAGE_TARNAME ""
#define PACKAGE_VERSION ""
#define PACKAGE_STRING ""
#define PACKAGE_BUGREPORT ""
#define PACKAGE_URL ""
#define STDC_HEADERS 1
#define HAVE_SYS_TYPES_H 1
#define HAVE_SYS_STAT_H 1
#define HAVE_STDLIB_H 1
#define HAVE_STRING_H 1
#define HAVE_MEMORY_H 1
#define HAVE_STRINGS_H 1
#define HAVE_INTTYPES_H 1
#define HAVE_STDINT_H 1
#define HAVE_UNISTD_H 1
#define PACKAGE "iwar"
#define VERSION "0.8.0-git"
#define STDC_HEADERS 1
#define HAVE_SYS_WAIT_H 1
#define HAVE_STDIO_H 1
#define HAVE_STDLIB_H 1
#define HAVE_CURSES_H 1
#define TIME_WITH_SYS_TIME 1
#define HAVE_STDLIB_H 1
#define HAVE_MALLOC 1
#define HAVE_SYS_SELECT_H 1
#define HAVE_SYS_SOCKET_H 1
#define SELECT_TYPE_ARG1 int
#define SELECT_TYPE_ARG234 (fd_set *)
#define SELECT_TYPE_ARG5 (struct timeval *)
#define LSTAT_FOLLOWS_SLASHED_SYMLINK 1
#define RETSIGTYPE void
#define HAVE_STRFTIME 1
#define HAVE_FORK 1
#define HAVE_VFORK 1
#define HAVE_WORKING_VFORK 1
#define HAVE_WORKING_FORK 1
#define HAVE_STDLIB_H 1
#define HAVE_REALLOC 1
#define HAVE_LIBCURSES 1
#define HAVE_LIBPTHREAD 1
#define PACKAGE_NAME "iwar"
#define PACKAGE_STRING "iWar 0.8.0-git"
#define PACKAGE_BUGREPORT "cclark@quadrantsec.com"
#define PACKAGE_TARNAME "iWar"
#define PACKAGE_VERSION "0.8.0-git"

configure: exit 0

## ---------------------- ##
## Running config.status. ##
## ---------------------- ##

This file was extended by config.status, which was
generated by GNU Autoconf 2.68.  Invocation command line was

  CONFIG_FILES    = 
  CONFIG_HEADERS  = 
  CONFIG_LINKS    = 
  CONFIG_COMMANDS = 
  $ ./config.status src/Makefile depfiles

on demo

config.status:902: creating src/Makefile
config.status:1131: executing depfiles commands
